<?xml version="1.0" encoding="UTF-8"?>
<testng-results skipped="0" failed="0" ignored="0" total="17" passed="17">
  <reporter-output>
  </reporter-output>
  <suite name="Suite1" duration-ms="109" started-at="2018-05-19T16:00:22Z" finished-at="2018-05-19T16:00:22Z">
    <groups>
    </groups>
    <test name="Nopackage" duration-ms="109" started-at="2018-05-19T16:00:22Z" finished-at="2018-05-19T16:00:22Z">
      <class name="com.practice.java.testngEx.testNGPractice.TestngExWithDataprovider">
        <test-method status="PASS" signature="getUserInfo()[pri:0, instance:com.practice.java.testngEx.testNGPractice.TestngExWithDataprovider@29774679]" name="getUserInfo" duration-ms="8" started-at="2018-05-19T16:00:22Z" finished-at="2018-05-19T16:00:22Z">
          <reporter-output>
          </reporter-output>
        </test-method> <!-- getUserInfo -->
      </class> <!-- com.practice.java.testngEx.testNGPractice.TestngExWithDataprovider -->
      <class name="com.practice.java.testngEx.testNGPractice.ClassCreatedByFactoryWithInputData">
        <test-method status="PASS" signature="displayData()[pri:0, instance:com.practice.java.testngEx.testNGPractice.ClassCreatedByFactoryWithInputData@28d25987]" name="displayData" duration-ms="2" started-at="2018-05-19T16:00:22Z" finished-at="2018-05-19T16:00:22Z">
          <reporter-output>
          </reporter-output>
        </test-method> <!-- displayData -->
        <test-method status="PASS" signature="displayData1()[pri:0, instance:com.practice.java.testngEx.testNGPractice.ClassCreatedByFactoryWithInputData@28d25987]" name="displayData1" duration-ms="2" started-at="2018-05-19T16:00:22Z" depends-on-methods="com.practice.java.testngEx.testNGPractice.ClassCreatedByFactoryWithInputData.displayData" finished-at="2018-05-19T16:00:22Z">
          <reporter-output>
          </reporter-output>
        </test-method> <!-- displayData1 -->
        <test-method status="PASS" signature="displayData2()[pri:0, instance:com.practice.java.testngEx.testNGPractice.ClassCreatedByFactoryWithInputData@28d25987]" name="displayData2" duration-ms="4" started-at="2018-05-19T16:00:22Z" depends-on-methods="com.practice.java.testngEx.testNGPractice.ClassCreatedByFactoryWithInputData.displayData1" finished-at="2018-05-19T16:00:22Z">
          <reporter-output>
          </reporter-output>
        </test-method> <!-- displayData2 -->
        <test-method status="PASS" signature="displayData3()[pri:0, instance:com.practice.java.testngEx.testNGPractice.ClassCreatedByFactoryWithInputData@28d25987]" name="displayData3" duration-ms="2" started-at="2018-05-19T16:00:22Z" depends-on-methods="com.practice.java.testngEx.testNGPractice.ClassCreatedByFactoryWithInputData.displayData2" finished-at="2018-05-19T16:00:22Z">
          <reporter-output>
          </reporter-output>
        </test-method> <!-- displayData3 -->
        <test-method status="PASS" signature="displayData()[pri:0, instance:com.practice.java.testngEx.testNGPractice.ClassCreatedByFactoryWithInputData@4501b7af]" name="displayData" duration-ms="2" started-at="2018-05-19T16:00:22Z" finished-at="2018-05-19T16:00:22Z">
          <reporter-output>
          </reporter-output>
        </test-method> <!-- displayData -->
        <test-method status="PASS" signature="displayData1()[pri:0, instance:com.practice.java.testngEx.testNGPractice.ClassCreatedByFactoryWithInputData@4501b7af]" name="displayData1" duration-ms="2" started-at="2018-05-19T16:00:22Z" depends-on-methods="com.practice.java.testngEx.testNGPractice.ClassCreatedByFactoryWithInputData.displayData" finished-at="2018-05-19T16:00:22Z">
          <reporter-output>
          </reporter-output>
        </test-method> <!-- displayData1 -->
        <test-method status="PASS" signature="displayData2()[pri:0, instance:com.practice.java.testngEx.testNGPractice.ClassCreatedByFactoryWithInputData@4501b7af]" name="displayData2" duration-ms="2" started-at="2018-05-19T16:00:22Z" depends-on-methods="com.practice.java.testngEx.testNGPractice.ClassCreatedByFactoryWithInputData.displayData1" finished-at="2018-05-19T16:00:22Z">
          <reporter-output>
          </reporter-output>
        </test-method> <!-- displayData2 -->
        <test-method status="PASS" signature="displayData3()[pri:0, instance:com.practice.java.testngEx.testNGPractice.ClassCreatedByFactoryWithInputData@4501b7af]" name="displayData3" duration-ms="1" started-at="2018-05-19T16:00:22Z" depends-on-methods="com.practice.java.testngEx.testNGPractice.ClassCreatedByFactoryWithInputData.displayData2" finished-at="2018-05-19T16:00:22Z">
          <reporter-output>
          </reporter-output>
        </test-method> <!-- displayData3 -->
        <test-method status="PASS" signature="displayData()[pri:0, instance:com.practice.java.testngEx.testNGPractice.ClassCreatedByFactoryWithInputData@523884b2]" name="displayData" duration-ms="2" started-at="2018-05-19T16:00:22Z" finished-at="2018-05-19T16:00:22Z">
          <reporter-output>
          </reporter-output>
        </test-method> <!-- displayData -->
        <test-method status="PASS" signature="displayData1()[pri:0, instance:com.practice.java.testngEx.testNGPractice.ClassCreatedByFactoryWithInputData@523884b2]" name="displayData1" duration-ms="2" started-at="2018-05-19T16:00:22Z" depends-on-methods="com.practice.java.testngEx.testNGPractice.ClassCreatedByFactoryWithInputData.displayData" finished-at="2018-05-19T16:00:22Z">
          <reporter-output>
          </reporter-output>
        </test-method> <!-- displayData1 -->
        <test-method status="PASS" signature="displayData2()[pri:0, instance:com.practice.java.testngEx.testNGPractice.ClassCreatedByFactoryWithInputData@523884b2]" name="displayData2" duration-ms="1" started-at="2018-05-19T16:00:22Z" depends-on-methods="com.practice.java.testngEx.testNGPractice.ClassCreatedByFactoryWithInputData.displayData1" finished-at="2018-05-19T16:00:22Z">
          <reporter-output>
          </reporter-output>
        </test-method> <!-- displayData2 -->
        <test-method status="PASS" signature="displayData3()[pri:0, instance:com.practice.java.testngEx.testNGPractice.ClassCreatedByFactoryWithInputData@523884b2]" name="displayData3" duration-ms="2" started-at="2018-05-19T16:00:22Z" depends-on-methods="com.practice.java.testngEx.testNGPractice.ClassCreatedByFactoryWithInputData.displayData2" finished-at="2018-05-19T16:00:22Z">
          <reporter-output>
          </reporter-output>
        </test-method> <!-- displayData3 -->
        <test-method status="PASS" signature="displayData()[pri:0, instance:com.practice.java.testngEx.testNGPractice.ClassCreatedByFactoryWithInputData@59fa1d9b]" name="displayData" duration-ms="2" started-at="2018-05-19T16:00:22Z" finished-at="2018-05-19T16:00:22Z">
          <reporter-output>
          </reporter-output>
        </test-method> <!-- displayData -->
        <test-method status="PASS" signature="displayData1()[pri:0, instance:com.practice.java.testngEx.testNGPractice.ClassCreatedByFactoryWithInputData@59fa1d9b]" name="displayData1" duration-ms="2" started-at="2018-05-19T16:00:22Z" depends-on-methods="com.practice.java.testngEx.testNGPractice.ClassCreatedByFactoryWithInputData.displayData" finished-at="2018-05-19T16:00:22Z">
          <reporter-output>
          </reporter-output>
        </test-method> <!-- displayData1 -->
        <test-method status="PASS" signature="displayData2()[pri:0, instance:com.practice.java.testngEx.testNGPractice.ClassCreatedByFactoryWithInputData@59fa1d9b]" name="displayData2" duration-ms="2" started-at="2018-05-19T16:00:22Z" depends-on-methods="com.practice.java.testngEx.testNGPractice.ClassCreatedByFactoryWithInputData.displayData1" finished-at="2018-05-19T16:00:22Z">
          <reporter-output>
          </reporter-output>
        </test-method> <!-- displayData2 -->
        <test-method status="PASS" signature="displayData3()[pri:0, instance:com.practice.java.testngEx.testNGPractice.ClassCreatedByFactoryWithInputData@59fa1d9b]" name="displayData3" duration-ms="2" started-at="2018-05-19T16:00:22Z" depends-on-methods="com.practice.java.testngEx.testNGPractice.ClassCreatedByFactoryWithInputData.displayData2" finished-at="2018-05-19T16:00:22Z">
          <reporter-output>
          </reporter-output>
        </test-method> <!-- displayData3 -->
      </class> <!-- com.practice.java.testngEx.testNGPractice.ClassCreatedByFactoryWithInputData -->
    </test> <!-- Nopackage -->
  </suite> <!-- Suite1 -->
</testng-results>
