<?xml version="1.0" encoding="UTF-8"?>
<!-- Generated by org.testng.reporters.JUnitXMLReporter -->
<testsuite hostname="LNAR-PC0611GC" ignored="0" name="Nopackage" tests="17" failures="0" timestamp="19 May 2018 16:00:22 GMT" time="0.109" errors="0">
  <testcase name="getUserInfo" time="0.008" classname="com.practice.java.testngEx.testNGPractice.TestngExWithDataprovider"/>
  <testcase name="displayData" time="0.002" classname="com.practice.java.testngEx.testNGPractice.ClassCreatedByFactoryWithInputData"/>
  <testcase name="displayData1" time="0.002" classname="com.practice.java.testngEx.testNGPractice.ClassCreatedByFactoryWithInputData"/>
  <testcase name="displayData2" time="0.004" classname="com.practice.java.testngEx.testNGPractice.ClassCreatedByFactoryWithInputData"/>
  <testcase name="displayData3" time="0.002" classname="com.practice.java.testngEx.testNGPractice.ClassCreatedByFactoryWithInputData"/>
  <testcase name="displayData" time="0.002" classname="com.practice.java.testngEx.testNGPractice.ClassCreatedByFactoryWithInputData"/>
  <testcase name="displayData1" time="0.002" classname="com.practice.java.testngEx.testNGPractice.ClassCreatedByFactoryWithInputData"/>
  <testcase name="displayData2" time="0.002" classname="com.practice.java.testngEx.testNGPractice.ClassCreatedByFactoryWithInputData"/>
  <testcase name="displayData3" time="0.001" classname="com.practice.java.testngEx.testNGPractice.ClassCreatedByFactoryWithInputData"/>
  <testcase name="displayData" time="0.002" classname="com.practice.java.testngEx.testNGPractice.ClassCreatedByFactoryWithInputData"/>
  <testcase name="displayData1" time="0.002" classname="com.practice.java.testngEx.testNGPractice.ClassCreatedByFactoryWithInputData"/>
  <testcase name="displayData2" time="0.001" classname="com.practice.java.testngEx.testNGPractice.ClassCreatedByFactoryWithInputData"/>
  <testcase name="displayData3" time="0.002" classname="com.practice.java.testngEx.testNGPractice.ClassCreatedByFactoryWithInputData"/>
  <testcase name="displayData" time="0.002" classname="com.practice.java.testngEx.testNGPractice.ClassCreatedByFactoryWithInputData"/>
  <testcase name="displayData1" time="0.002" classname="com.practice.java.testngEx.testNGPractice.ClassCreatedByFactoryWithInputData"/>
  <testcase name="displayData2" time="0.002" classname="com.practice.java.testngEx.testNGPractice.ClassCreatedByFactoryWithInputData"/>
  <testcase name="displayData3" time="0.002" classname="com.practice.java.testngEx.testNGPractice.ClassCreatedByFactoryWithInputData"/>
</testsuite> <!-- Nopackage -->
